<component name="libraryTable">
  <library name="junit-4.51">
    <CLASSES>
      <root url="jar://$PROJECT_DIR$/OrdersWriter/lib/junit-4.5.jar!/" />
    </CLASSES>
    <JAVADOC />
    <SOURCES />
  </library>
</component>